<?xml version="1.0" encoding="UTF-8"?>
<!-- Generated by org.testng.reporters.JUnitReportReporter -->
<testsuite hostname="LAPTOP-CJRNS43V" failures="0" tests="4" name="test.TestScript4" time="133.670" errors="0" timestamp="2023-02-11T17:41:22 SAST" skipped="0">
  <testcase classname="test.TestScript4" name="testCase04" time="35.799"/>
  <system-out/>
  <testcase classname="test.TestScript4" name="testCase04" time="34.477"/>
  <system-out/>
  <testcase classname="test.TestScript4" name="testCase04" time="29.571"/>
  <system-out/>
  <testcase classname="test.TestScript4" name="testCase04" time="33.823"/>
  <system-out/>
</testsuite> <!-- test.TestScript4 -->
